<?xml version="1.0" encoding="UTF-8"?>
<testsuite name="org.jllinares.microservice.CalculadoraServiceTests" tests="2" skipped="0" failures="0" errors="0" timestamp="2016-08-13T17:40:21" hostname="LAPTOP-CANACHE" time="0.005">
  <properties/>
  <testcase name="test_subs" classname="org.jllinares.microservice.CalculadoraServiceTests" time="0.001"/>
  <testcase name="test_sum" classname="org.jllinares.microservice.CalculadoraServiceTests" time="0.003"/>
  <system-out><![CDATA[]]></system-out>
  <system-err><![CDATA[]]></system-err>
</testsuite>
